INFO:root:Loading checkpoint
INFO:root:Regression model loaded
INFO:root:Starting regression task
INFO:root:Test energy variance: 15.789560317993164
INFO:root:Energy correlation plot saved at: ./results/energy_correlation.png
INFO:root:===> Length: 10000 10000
INFO:root:Energy comparison plot saved at: ./results/energy_comparison.png
INFO:root:tensor([30., 30.,  1.,  ...,  3.,  1.,  1.])
INFO:root:Histogram 1.0 keV saved at: ./results/energy_hist1.0_0.png
INFO:root:Histogram 3.0 keV saved at: ./results/energy_hist3.0_1.png
INFO:root:Histogram 6.0 keV saved at: ./results/energy_hist6.0_2.png
INFO:root:Histogram 10.0 keV saved at: ./results/energy_hist10.0_3.png
INFO:root:Histogram 20.0 keV saved at: ./results/energy_hist20.0_4.png
INFO:root:Histogram 30.0 keV saved at: ./results/energy_hist30.0_5.png
INFO:root:Loading checkpoint
INFO:root:Classification model loaded
INFO:root:Starting classification task
INFO:root:ROC plot saved at: ./results/roc_auc.png
INFO:root:Delong => ROC-AUC: 0.9711340366203547 variance: 1.7853546418552076e-06
INFO:root:MAE = 7.409337520599365
INFO:root:AUC = 0.9711340366203547
INFO:root:Loading checkpoint
INFO:root:Regression model loaded
INFO:root:Starting regression task
INFO:root:Test energy variance: 15.789560317993164
INFO:root:Energy correlation plot saved at: ./results/energy_correlation.png
INFO:root:===> Length: 10000 10000
INFO:root:Energy comparison plot saved at: ./results/energy_comparison.png
INFO:root:tensor([ 6.,  6.,  3.,  ...,  3., 10.,  3.])
INFO:root:Histogram 1.0 keV saved at: ./results/energy_hist1.0_0.png
INFO:root:Histogram 3.0 keV saved at: ./results/energy_hist3.0_1.png
INFO:root:Histogram 6.0 keV saved at: ./results/energy_hist6.0_2.png
INFO:root:Histogram 10.0 keV saved at: ./results/energy_hist10.0_3.png
INFO:root:Histogram 20.0 keV saved at: ./results/energy_hist20.0_4.png
INFO:root:Histogram 30.0 keV saved at: ./results/energy_hist30.0_5.png
INFO:root:MAE = 7.409336566925049
INFO:root:Loading checkpoint
INFO:root:Regression model loaded
INFO:root:Starting regression task
INFO:root:Test energy variance: 15.789560317993164
INFO:root:Energy correlation plot saved at: ./results/energy_correlation.png
INFO:root:===> Length: 10000 10000
INFO:root:Energy comparison plot saved at: ./results/energy_comparison.png
INFO:root:tensor([20., 10., 30.,  ..., 10.,  6., 20.])
INFO:root:Histogram 1.0 keV saved at: ./results/energy_hist1.0_0.png
INFO:root:Histogram 3.0 keV saved at: ./results/energy_hist3.0_1.png
INFO:root:Histogram 6.0 keV saved at: ./results/energy_hist6.0_2.png
INFO:root:Histogram 10.0 keV saved at: ./results/energy_hist10.0_3.png
INFO:root:Histogram 20.0 keV saved at: ./results/energy_hist20.0_4.png
INFO:root:Histogram 30.0 keV saved at: ./results/energy_hist30.0_5.png
INFO:root:MAE = 7.409337520599365
INFO:root:Loading checkpoint
INFO:root:Loading checkpoint
INFO:root:Loading checkpoint
INFO:root:Regression model loaded
INFO:root:Starting regression task
INFO:root:Test energy variance: 0.06700709462165833
INFO:root:Energy correlation plot saved at: ./results/energy_correlation.png
INFO:root:===> Length: 10000 10000
INFO:root:Energy comparison plot saved at: ./results/energy_comparison.png
INFO:root:tensor([20.,  3.,  1.,  ..., 30., 30.,  1.])
INFO:root:Histogram 1.0 keV saved at: ./results/energy_hist1.0_0.png
INFO:root:Histogram 3.0 keV saved at: ./results/energy_hist3.0_1.png
INFO:root:Histogram 6.0 keV saved at: ./results/energy_hist6.0_2.png
INFO:root:Histogram 10.0 keV saved at: ./results/energy_hist10.0_3.png
INFO:root:Histogram 20.0 keV saved at: ./results/energy_hist20.0_4.png
INFO:root:Histogram 30.0 keV saved at: ./results/energy_hist30.0_5.png
INFO:root:MAE = 5.404672145843506
INFO:root:Loading checkpoint
INFO:root:Regression model loaded
INFO:root:Starting regression task
INFO:root:Test energy variance: 8.502950668334961
INFO:root:Energy correlation plot saved at: ./results/energy_correlation.png
INFO:root:===> Length: 10000 10000
INFO:root:Energy comparison plot saved at: ./results/energy_comparison.png
INFO:root:tensor([30., 30., 10.,  ...,  6., 10., 20.])
INFO:root:Histogram 1.0 keV saved at: ./results/energy_hist1.0_0.png
INFO:root:Histogram 3.0 keV saved at: ./results/energy_hist3.0_1.png
INFO:root:Histogram 6.0 keV saved at: ./results/energy_hist6.0_2.png
INFO:root:Histogram 10.0 keV saved at: ./results/energy_hist10.0_3.png
INFO:root:Histogram 20.0 keV saved at: ./results/energy_hist20.0_4.png
INFO:root:Histogram 30.0 keV saved at: ./results/energy_hist30.0_5.png
INFO:root:MAE = 6.846209526062012
INFO:root:Loading checkpoint
INFO:root:Regression model loaded
INFO:root:Starting regression task
INFO:root:Test energy variance: 8.502950668334961
INFO:root:Energy correlation plot saved at: ./results/energy_correlation.png
INFO:root:===> Length: 10000 10000
INFO:root:Energy comparison plot saved at: ./results/energy_comparison.png
INFO:root:tensor([ 3., 20.,  6.,  ..., 30., 30., 10.])
INFO:root:Histogram 1.0 keV saved at: ./results/energy_hist1.0_0.png
INFO:root:Histogram 3.0 keV saved at: ./results/energy_hist3.0_1.png
INFO:root:Histogram 6.0 keV saved at: ./results/energy_hist6.0_2.png
INFO:root:Histogram 10.0 keV saved at: ./results/energy_hist10.0_3.png
INFO:root:Histogram 20.0 keV saved at: ./results/energy_hist20.0_4.png
INFO:root:Histogram 30.0 keV saved at: ./results/energy_hist30.0_5.png
INFO:root:MAE = 6.846209526062012
INFO:root:Loading checkpoint
INFO:root:Regression model loaded
INFO:root:Starting regression task
INFO:root:Test energy variance: 9.25605297088623
INFO:root:Energy correlation plot saved at: ./results/energy_correlation.png
INFO:root:===> Length: 10000 10000
INFO:root:Energy comparison plot saved at: ./results/energy_comparison.png
INFO:root:tensor([20.,  1.,  1.,  ..., 10.,  6., 30.])
INFO:root:Histogram 1.0 keV saved at: ./results/energy_hist1.0_0.png
INFO:root:Histogram 3.0 keV saved at: ./results/energy_hist3.0_1.png
INFO:root:Histogram 6.0 keV saved at: ./results/energy_hist6.0_2.png
INFO:root:Histogram 10.0 keV saved at: ./results/energy_hist10.0_3.png
INFO:root:Histogram 20.0 keV saved at: ./results/energy_hist20.0_4.png
INFO:root:Histogram 30.0 keV saved at: ./results/energy_hist30.0_5.png
INFO:root:MAE = 7.6328935623168945
INFO:root:Loading checkpoint
INFO:root:Regression model loaded
INFO:root:Starting regression task
INFO:root:Test energy variance: 9.25605297088623
INFO:root:Energy correlation plot saved at: ./results/energy_correlation.png
INFO:root:===> Length: 10000 10000
INFO:root:Energy comparison plot saved at: ./results/energy_comparison.png
INFO:root:tensor([20.,  1.,  3.,  ...,  3., 20.,  6.])
INFO:root:Histogram 1.0 keV saved at: ./results/energy_hist1.0_0.png
INFO:root:Histogram 3.0 keV saved at: ./results/energy_hist3.0_1.png
INFO:root:Histogram 6.0 keV saved at: ./results/energy_hist6.0_2.png
INFO:root:Histogram 10.0 keV saved at: ./results/energy_hist10.0_3.png
INFO:root:Histogram 20.0 keV saved at: ./results/energy_hist20.0_4.png
INFO:root:Histogram 30.0 keV saved at: ./results/energy_hist30.0_5.png
INFO:root:MAE = 7.632894515991211
INFO:root:Loading checkpoint
INFO:root:Regression model loaded
INFO:root:Starting regression task
INFO:root:Test energy variance: 8.672041893005371
INFO:root:Energy correlation plot saved at: ./results/energy_correlation.png
INFO:root:===> Length: 10000 10000
INFO:root:Energy comparison plot saved at: ./results/energy_comparison.png
INFO:root:tensor([30.,  1.,  1.,  ...,  6.,  3., 30.])
INFO:root:Histogram 1.0 keV saved at: ./results/energy_hist1.0_0.png
INFO:root:Histogram 3.0 keV saved at: ./results/energy_hist3.0_1.png
INFO:root:Histogram 6.0 keV saved at: ./results/energy_hist6.0_2.png
INFO:root:Histogram 10.0 keV saved at: ./results/energy_hist10.0_3.png
INFO:root:Histogram 20.0 keV saved at: ./results/energy_hist20.0_4.png
INFO:root:Histogram 30.0 keV saved at: ./results/energy_hist30.0_5.png
INFO:root:MAE = 7.392588138580322
INFO:root:Loading checkpoint
INFO:root:Regression model loaded
INFO:root:Starting regression task
INFO:root:Test energy variance: 13.122480392456055
INFO:root:Energy correlation plot saved at: ./results/energy_correlation.png
INFO:root:===> Length: 10000 10000
INFO:root:Energy comparison plot saved at: ./results/energy_comparison.png
INFO:root:tensor([20., 30., 30.,  ...,  3.,  1.,  6.])
INFO:root:Histogram 1.0 keV saved at: ./results/energy_hist1.0_0.png
INFO:root:Histogram 3.0 keV saved at: ./results/energy_hist3.0_1.png
INFO:root:Histogram 6.0 keV saved at: ./results/energy_hist6.0_2.png
INFO:root:Histogram 10.0 keV saved at: ./results/energy_hist10.0_3.png
INFO:root:Histogram 20.0 keV saved at: ./results/energy_hist20.0_4.png
INFO:root:Histogram 30.0 keV saved at: ./results/energy_hist30.0_5.png
INFO:root:MAE = 9.256779670715332
INFO:root:Loading checkpoint
INFO:root:Regression model loaded
INFO:root:Starting regression task
INFO:root:Test energy variance: 7.776082515716553
INFO:root:Energy correlation plot saved at: ./results/energy_correlation.png
INFO:root:===> Length: 10000 10000
INFO:root:Energy comparison plot saved at: ./results/energy_comparison.png
INFO:root:tensor([10.,  1.,  6.,  ..., 10., 30., 10.])
INFO:root:Histogram 1.0 keV saved at: ./results/energy_hist1.0_0.png
INFO:root:Histogram 3.0 keV saved at: ./results/energy_hist3.0_1.png
INFO:root:Histogram 6.0 keV saved at: ./results/energy_hist6.0_2.png
INFO:root:Histogram 10.0 keV saved at: ./results/energy_hist10.0_3.png
INFO:root:Histogram 20.0 keV saved at: ./results/energy_hist20.0_4.png
INFO:root:Histogram 30.0 keV saved at: ./results/energy_hist30.0_5.png
INFO:root:MAE = 6.981296062469482
INFO:root:Loading checkpoint
INFO:root:Regression model loaded
INFO:root:Starting regression task
INFO:root:Test energy variance: 8.416953086853027
INFO:root:Energy correlation plot saved at: ./results/energy_correlation.png
INFO:root:===> Length: 10000 10000
INFO:root:Energy comparison plot saved at: ./results/energy_comparison.png
INFO:root:tensor([10., 10., 20.,  ...,  3.,  6., 10.])
INFO:root:Histogram 1.0 keV saved at: ./results/energy_hist1.0_0.png
INFO:root:Histogram 3.0 keV saved at: ./results/energy_hist3.0_1.png
INFO:root:Histogram 6.0 keV saved at: ./results/energy_hist6.0_2.png
INFO:root:Histogram 10.0 keV saved at: ./results/energy_hist10.0_3.png
INFO:root:Histogram 20.0 keV saved at: ./results/energy_hist20.0_4.png
INFO:root:Histogram 30.0 keV saved at: ./results/energy_hist30.0_5.png
INFO:root:MAE = 6.8629841804504395
INFO:root:Loading checkpoint
INFO:root:Regression model loaded
INFO:root:Starting regression task
INFO:root:Test energy variance: 8.458571434020996
INFO:root:Energy correlation plot saved at: ./results/energy_correlation.png
INFO:root:===> Length: 10000 10000
INFO:root:Energy comparison plot saved at: ./results/energy_comparison.png
INFO:root:tensor([10., 20.,  3.,  ...,  3., 30., 30.])
INFO:root:Histogram 1.0 keV saved at: ./results/energy_hist1.0_0.png
INFO:root:Histogram 3.0 keV saved at: ./results/energy_hist3.0_1.png
INFO:root:Histogram 6.0 keV saved at: ./results/energy_hist6.0_2.png
INFO:root:Histogram 10.0 keV saved at: ./results/energy_hist10.0_3.png
INFO:root:Histogram 20.0 keV saved at: ./results/energy_hist20.0_4.png
INFO:root:Histogram 30.0 keV saved at: ./results/energy_hist30.0_5.png
INFO:root:MAE = 7.293826580047607
INFO:root:Loading checkpoint
INFO:root:Regression model loaded
INFO:root:Starting regression task
INFO:root:Test energy variance: 9.383831024169922
INFO:root:Energy correlation plot saved at: ./results/energy_correlation.png
INFO:root:===> Length: 10000 10000
INFO:root:Energy comparison plot saved at: ./results/energy_comparison.png
INFO:root:tensor([ 6.,  6., 30.,  ...,  3., 10., 30.])
INFO:root:Histogram 1.0 keV saved at: ./results/energy_hist1.0_0.png
INFO:root:Histogram 3.0 keV saved at: ./results/energy_hist3.0_1.png
INFO:root:Histogram 6.0 keV saved at: ./results/energy_hist6.0_2.png
INFO:root:Histogram 10.0 keV saved at: ./results/energy_hist10.0_3.png
INFO:root:Histogram 20.0 keV saved at: ./results/energy_hist20.0_4.png
INFO:root:Histogram 30.0 keV saved at: ./results/energy_hist30.0_5.png
INFO:root:MAE = 7.727653980255127
INFO:root:Loading checkpoint
INFO:root:Loading checkpoint
INFO:root:Regression model loaded
INFO:root:Starting regression task
INFO:root:Test energy variance: 15.789560317993164
INFO:root:Energy correlation plot saved at: ./results/energy_correlation.png
INFO:root:===> Length: 10000 10000
INFO:root:Energy comparison plot saved at: ./results/energy_comparison.png
INFO:root:tensor([ 3., 30., 10.,  ..., 20., 10.,  3.])
INFO:root:Histogram 1.0 keV saved at: ./results/energy_hist1.0_0.png
INFO:root:Histogram 3.0 keV saved at: ./results/energy_hist3.0_1.png
INFO:root:Histogram 6.0 keV saved at: ./results/energy_hist6.0_2.png
INFO:root:Histogram 10.0 keV saved at: ./results/energy_hist10.0_3.png
INFO:root:Histogram 20.0 keV saved at: ./results/energy_hist20.0_4.png
INFO:root:Histogram 30.0 keV saved at: ./results/energy_hist30.0_5.png
INFO:root:MAE = 7.409336566925049
INFO:root:Loading checkpoint
INFO:root:Regression model loaded
INFO:root:Starting regression task
INFO:root:Test energy variance: 11.855932235717773
INFO:root:Energy correlation plot saved at: ./results/energy_correlation.png
INFO:root:===> Length: 10000 10000
INFO:root:Energy comparison plot saved at: ./results/energy_comparison.png
INFO:root:tensor([ 3.,  3.,  3.,  ..., 20., 30.,  3.])
INFO:root:Histogram 1.0 keV saved at: ./results/energy_hist1.0_0.png
INFO:root:Histogram 3.0 keV saved at: ./results/energy_hist3.0_1.png
INFO:root:Histogram 6.0 keV saved at: ./results/energy_hist6.0_2.png
INFO:root:Histogram 10.0 keV saved at: ./results/energy_hist10.0_3.png
INFO:root:Histogram 20.0 keV saved at: ./results/energy_hist20.0_4.png
INFO:root:Histogram 30.0 keV saved at: ./results/energy_hist30.0_5.png
INFO:root:MAE = 9.113457679748535
INFO:root:Loading checkpoint
INFO:root:Regression model loaded
INFO:root:Starting regression task
INFO:root:Test energy variance: 11.162337303161621
INFO:root:Energy correlation plot saved at: ./results/energy_correlation.png
INFO:root:===> Length: 10000 10000
INFO:root:Energy comparison plot saved at: ./results/energy_comparison.png
INFO:root:tensor([1., 6., 3.,  ..., 1., 6., 6.])
INFO:root:Histogram 1.0 keV saved at: ./results/energy_hist1.0_0.png
INFO:root:Histogram 3.0 keV saved at: ./results/energy_hist3.0_1.png
INFO:root:Histogram 6.0 keV saved at: ./results/energy_hist6.0_2.png
INFO:root:Histogram 10.0 keV saved at: ./results/energy_hist10.0_3.png
INFO:root:Histogram 20.0 keV saved at: ./results/energy_hist20.0_4.png
INFO:root:Histogram 30.0 keV saved at: ./results/energy_hist30.0_5.png
INFO:root:MAE = 8.817730903625488
INFO:root:Loading checkpoint
INFO:root:Regression model loaded
INFO:root:Starting regression task
INFO:root:Test energy variance: 8.327845573425293
INFO:root:Energy correlation plot saved at: ./results/energy_correlation.png
INFO:root:===> Length: 10000 10000
INFO:root:Energy comparison plot saved at: ./results/energy_comparison.png
INFO:root:tensor([30.,  3., 30.,  ...,  6., 20.,  1.])
INFO:root:Histogram 1.0 keV saved at: ./results/energy_hist1.0_0.png
INFO:root:Histogram 3.0 keV saved at: ./results/energy_hist3.0_1.png
INFO:root:Histogram 6.0 keV saved at: ./results/energy_hist6.0_2.png
INFO:root:Histogram 10.0 keV saved at: ./results/energy_hist10.0_3.png
INFO:root:Histogram 20.0 keV saved at: ./results/energy_hist20.0_4.png
INFO:root:Histogram 30.0 keV saved at: ./results/energy_hist30.0_5.png
INFO:root:MAE = 7.232131481170654
INFO:root:Loading checkpoint
INFO:root:Regression model loaded
INFO:root:Starting regression task
INFO:root:Test energy variance: 9.244142532348633
INFO:root:Energy correlation plot saved at: ./results/energy_correlation.png
INFO:root:===> Length: 10000 10000
INFO:root:Energy comparison plot saved at: ./results/energy_comparison.png
INFO:root:tensor([10., 20., 30.,  ..., 10.,  3.,  3.])
INFO:root:Histogram 1.0 keV saved at: ./results/energy_hist1.0_0.png
INFO:root:Histogram 3.0 keV saved at: ./results/energy_hist3.0_1.png
INFO:root:Histogram 6.0 keV saved at: ./results/energy_hist6.0_2.png
INFO:root:Histogram 10.0 keV saved at: ./results/energy_hist10.0_3.png
INFO:root:Histogram 20.0 keV saved at: ./results/energy_hist20.0_4.png
INFO:root:Histogram 30.0 keV saved at: ./results/energy_hist30.0_5.png
INFO:root:MAE = 7.627628803253174
INFO:root:Loading checkpoint
INFO:root:Regression model loaded
INFO:root:Loading checkpoint
INFO:root:Regression model loaded
INFO:root:Starting regression task
INFO:root:Test energy variance: 9.037755012512207
INFO:root:Energy correlation plot saved at: ./results/energy_correlation.png
INFO:root:===> Length: 10000 10000
INFO:root:Energy comparison plot saved at: ./results/energy_comparison.png
INFO:root:tensor([20.,  1., 20.,  ...,  6., 10., 30.])
INFO:root:Histogram 1.0 keV saved at: ./results/energy_hist1.0_0.png
INFO:root:Histogram 3.0 keV saved at: ./results/energy_hist3.0_1.png
INFO:root:Histogram 6.0 keV saved at: ./results/energy_hist6.0_2.png
INFO:root:Histogram 10.0 keV saved at: ./results/energy_hist10.0_3.png
INFO:root:Histogram 20.0 keV saved at: ./results/energy_hist20.0_4.png
INFO:root:Histogram 30.0 keV saved at: ./results/energy_hist30.0_5.png
INFO:root:MAE = 7.561744689941406
INFO:root:Loading checkpoint
INFO:root:Regression model loaded
INFO:root:Starting regression task
INFO:root:Test energy variance: 9.037755012512207
INFO:root:Energy correlation plot saved at: ./results/energy_correlation.png
INFO:root:===> Length: 10000 10000
INFO:root:Energy comparison plot saved at: ./results/energy_comparison.png
INFO:root:tensor([ 6.,  3.,  3.,  ...,  1.,  1., 30.])
INFO:root:Histogram 1.0 keV saved at: ./results/energy_hist1.0_0.png
INFO:root:Histogram 3.0 keV saved at: ./results/energy_hist3.0_1.png
INFO:root:Histogram 6.0 keV saved at: ./results/energy_hist6.0_2.png
INFO:root:Histogram 10.0 keV saved at: ./results/energy_hist10.0_3.png
INFO:root:Histogram 20.0 keV saved at: ./results/energy_hist20.0_4.png
INFO:root:Histogram 30.0 keV saved at: ./results/energy_hist30.0_5.png
INFO:root:MAE = 7.56174373626709
INFO:root:Loading checkpoint
INFO:root:Regression model loaded
INFO:root:Starting regression task
INFO:root:Test energy variance: 1.095553994178772
INFO:root:Energy correlation plot saved at: ./results/energy_correlation.png
INFO:root:===> Length: 10000 10000
INFO:root:Energy comparison plot saved at: ./results/energy_comparison.png
INFO:root:tensor([10., 20.,  3.,  ..., 30., 20., 30.])
INFO:root:Histogram 1.0 keV saved at: ./results/energy_hist1.0_0.png
INFO:root:Histogram 3.0 keV saved at: ./results/energy_hist3.0_1.png
INFO:root:Histogram 6.0 keV saved at: ./results/energy_hist6.0_2.png
INFO:root:Histogram 10.0 keV saved at: ./results/energy_hist10.0_3.png
INFO:root:Histogram 20.0 keV saved at: ./results/energy_hist20.0_4.png
INFO:root:Histogram 30.0 keV saved at: ./results/energy_hist30.0_5.png
INFO:root:MAE = 2.8352110385894775
INFO:root:Loading checkpoint
INFO:root:Regression model loaded
INFO:root:Starting regression task
INFO:root:Test energy variance: 1.1543281078338623
INFO:root:Energy correlation plot saved at: ./results/energy_correlation.png
INFO:root:===> Length: 10000 10000
INFO:root:Energy comparison plot saved at: ./results/energy_comparison.png
INFO:root:tensor([ 6., 10., 10.,  ...,  3.,  1.,  3.])
INFO:root:Histogram 1.0 keV saved at: ./results/energy_hist1.0_0.png
INFO:root:Histogram 3.0 keV saved at: ./results/energy_hist3.0_1.png
INFO:root:Histogram 6.0 keV saved at: ./results/energy_hist6.0_2.png
INFO:root:Histogram 10.0 keV saved at: ./results/energy_hist10.0_3.png
INFO:root:Histogram 20.0 keV saved at: ./results/energy_hist20.0_4.png
INFO:root:Histogram 30.0 keV saved at: ./results/energy_hist30.0_5.png
INFO:root:MAE = 3.1146695613861084
INFO:root:Loading checkpoint
INFO:root:Loading checkpoint
INFO:root:Regression model loaded
INFO:root:Starting regression task
INFO:root:Test energy variance: 0.47814828157424927
INFO:root:Energy correlation plot saved at: ./results/energy_correlation.png
INFO:root:===> Length: 10000 10000
INFO:root:Energy comparison plot saved at: ./results/energy_comparison.png
INFO:root:tensor([10.,  6.,  1.,  ...,  1., 30., 20.])
INFO:root:Histogram 1.0 keV saved at: ./results/energy_hist1.0_0.png
INFO:root:Histogram 3.0 keV saved at: ./results/energy_hist3.0_1.png
INFO:root:Histogram 6.0 keV saved at: ./results/energy_hist6.0_2.png
INFO:root:Histogram 10.0 keV saved at: ./results/energy_hist10.0_3.png
INFO:root:Histogram 20.0 keV saved at: ./results/energy_hist20.0_4.png
INFO:root:Histogram 30.0 keV saved at: ./results/energy_hist30.0_5.png
INFO:root:MAE = 2.7772958278656006
INFO:root:Loading checkpoint
INFO:root:Regression model loaded
INFO:root:Starting regression task
INFO:root:Test energy variance: 0.5275039672851562
INFO:root:Energy correlation plot saved at: ./results/energy_correlation.png
INFO:root:===> Length: 10000 10000
INFO:root:Energy comparison plot saved at: ./results/energy_comparison.png
INFO:root:tensor([ 3., 30., 20.,  ..., 10.,  6.,  6.])
INFO:root:Histogram 1.0 keV saved at: ./results/energy_hist1.0_0.png
INFO:root:Histogram 3.0 keV saved at: ./results/energy_hist3.0_1.png
INFO:root:Histogram 6.0 keV saved at: ./results/energy_hist6.0_2.png
INFO:root:Histogram 10.0 keV saved at: ./results/energy_hist10.0_3.png
INFO:root:Histogram 20.0 keV saved at: ./results/energy_hist20.0_4.png
INFO:root:Histogram 30.0 keV saved at: ./results/energy_hist30.0_5.png
INFO:root:MAE = 2.240297317504883
INFO:root:Loading checkpoint
INFO:root:Regression model loaded
INFO:root:Starting regression task
INFO:root:Test energy variance: 0.496820867061615
INFO:root:Energy correlation plot saved at: ./results/energy_correlation.png
INFO:root:===> Length: 10000 10000
INFO:root:Energy comparison plot saved at: ./results/energy_comparison.png
INFO:root:tensor([ 1.,  6.,  3.,  ..., 10.,  6.,  6.])
INFO:root:Histogram 1.0 keV saved at: ./results/energy_hist1.0_0.png
INFO:root:Histogram 3.0 keV saved at: ./results/energy_hist3.0_1.png
INFO:root:Histogram 6.0 keV saved at: ./results/energy_hist6.0_2.png
INFO:root:Histogram 10.0 keV saved at: ./results/energy_hist10.0_3.png
INFO:root:Histogram 20.0 keV saved at: ./results/energy_hist20.0_4.png
INFO:root:Histogram 30.0 keV saved at: ./results/energy_hist30.0_5.png
INFO:root:MAE = 2.075920820236206
INFO:root:Loading checkpoint
INFO:root:Regression model loaded
INFO:root:Starting regression task
INFO:root:Test energy variance: 0.5907233357429504
INFO:root:Energy correlation plot saved at: ./results/energy_correlation.png
INFO:root:===> Length: 10000 10000
INFO:root:Energy comparison plot saved at: ./results/energy_comparison.png
INFO:root:tensor([30., 20., 30.,  ..., 20., 20.,  6.])
INFO:root:Histogram 1.0 keV saved at: ./results/energy_hist1.0_0.png
INFO:root:Histogram 3.0 keV saved at: ./results/energy_hist3.0_1.png
INFO:root:Histogram 6.0 keV saved at: ./results/energy_hist6.0_2.png
INFO:root:Histogram 10.0 keV saved at: ./results/energy_hist10.0_3.png
INFO:root:Histogram 20.0 keV saved at: ./results/energy_hist20.0_4.png
INFO:root:Histogram 30.0 keV saved at: ./results/energy_hist30.0_5.png
INFO:root:MAE = 2.376032590866089
INFO:root:Loading checkpoint
INFO:root:Regression model loaded
INFO:root:Starting regression task
INFO:root:Test energy variance: 0.7391343712806702
INFO:root:Energy correlation plot saved at: ./results/energy_correlation.png
INFO:root:===> Length: 10000 10000
INFO:root:Energy comparison plot saved at: ./results/energy_comparison.png
INFO:root:tensor([30., 30.,  3.,  ...,  3., 10.,  3.])
INFO:root:Histogram 1.0 keV saved at: ./results/energy_hist1.0_0.png
INFO:root:Histogram 3.0 keV saved at: ./results/energy_hist3.0_1.png
INFO:root:Histogram 6.0 keV saved at: ./results/energy_hist6.0_2.png
INFO:root:Histogram 10.0 keV saved at: ./results/energy_hist10.0_3.png
INFO:root:Histogram 20.0 keV saved at: ./results/energy_hist20.0_4.png
INFO:root:Histogram 30.0 keV saved at: ./results/energy_hist30.0_5.png
INFO:root:MAE = 1.8508468866348267
INFO:root:Loading checkpoint
INFO:root:Regression model loaded
INFO:root:Starting regression task
INFO:root:Test energy variance: 0.6356325149536133
INFO:root:Energy correlation plot saved at: ./results/energy_correlation.png
INFO:root:===> Length: 10000 10000
INFO:root:Energy comparison plot saved at: ./results/energy_comparison.png
INFO:root:tensor([ 3.,  6., 20.,  ..., 10., 20.,  6.])
INFO:root:Histogram 1.0 keV saved at: ./results/energy_hist1.0_0.png
INFO:root:Histogram 3.0 keV saved at: ./results/energy_hist3.0_1.png
INFO:root:Histogram 6.0 keV saved at: ./results/energy_hist6.0_2.png
INFO:root:Histogram 10.0 keV saved at: ./results/energy_hist10.0_3.png
INFO:root:Histogram 20.0 keV saved at: ./results/energy_hist20.0_4.png
INFO:root:Histogram 30.0 keV saved at: ./results/energy_hist30.0_5.png
INFO:root:MAE = 2.325678825378418
INFO:root:Loading checkpoint
INFO:root:Regression model loaded
INFO:root:Starting regression task
INFO:root:Test energy variance: 0.824418842792511
INFO:root:Energy correlation plot saved at: ./results/energy_correlation.png
INFO:root:===> Length: 10000 10000
INFO:root:Energy comparison plot saved at: ./results/energy_comparison.png
INFO:root:tensor([ 3., 30.,  6.,  ...,  1., 30., 10.])
INFO:root:Histogram 1.0 keV saved at: ./results/energy_hist1.0_0.png
INFO:root:Histogram 3.0 keV saved at: ./results/energy_hist3.0_1.png
INFO:root:Histogram 6.0 keV saved at: ./results/energy_hist6.0_2.png
INFO:root:Histogram 10.0 keV saved at: ./results/energy_hist10.0_3.png
INFO:root:Histogram 20.0 keV saved at: ./results/energy_hist20.0_4.png
INFO:root:Histogram 30.0 keV saved at: ./results/energy_hist30.0_5.png
INFO:root:MAE = 2.4354333877563477
INFO:root:Loading checkpoint
INFO:root:Regression model loaded
INFO:root:Starting regression task
INFO:root:Test energy variance: 0.2709692716598511
INFO:root:Energy correlation plot saved at: ./results/energy_correlation.png
INFO:root:===> Length: 10000 10000
INFO:root:Energy comparison plot saved at: ./results/energy_comparison.png
INFO:root:tensor([ 3., 10., 20.,  ...,  1.,  3.,  1.])
INFO:root:Histogram 1.0 keV saved at: ./results/energy_hist1.0_0.png
INFO:root:Histogram 3.0 keV saved at: ./results/energy_hist3.0_1.png
INFO:root:Histogram 6.0 keV saved at: ./results/energy_hist6.0_2.png
INFO:root:Histogram 10.0 keV saved at: ./results/energy_hist10.0_3.png
INFO:root:Histogram 20.0 keV saved at: ./results/energy_hist20.0_4.png
INFO:root:Histogram 30.0 keV saved at: ./results/energy_hist30.0_5.png
INFO:root:MAE = 1.815279483795166
